<?xml version="1.0" encoding="UTF-8"?>
<coverage generated="1607627552342" clover="3.2.0">
  <project timestamp="1607627552343" name="All files">
    <metrics statements="60" coveredstatements="52" conditionals="18" coveredconditionals="14" methods="24" coveredmethods="18" elements="102" coveredelements="84" complexity="0" loc="60" ncloc="60" packages="1" files="2" classes="2"/>
    <file name="index.js" path="D:\1.LABORATORIA\LIM013-fe-md-links\index.js">
      <metrics statements="47" coveredstatements="40" conditionals="12" coveredconditionals="9" methods="21" coveredmethods="15"/>
      <line num="1" count="2" type="stmt"/>
      <line num="2" count="2" type="stmt"/>
      <line num="3" count="2" type="stmt"/>
      <line num="4" count="2" type="stmt"/>
      <line num="7" count="5" type="stmt"/>
      <line num="10" count="8" type="stmt"/>
      <line num="13" count="3" type="cond" truecount="1" falsecount="1"/>
      <line num="16" count="32" type="stmt"/>
      <line num="19" count="21" type="stmt"/>
      <line num="22" count="13" type="stmt"/>
      <line num="25" count="12" type="stmt"/>
      <line num="28" count="2" type="stmt"/>
      <line num="29" count="30" type="stmt"/>
      <line num="30" count="30" type="cond" truecount="2" falsecount="0"/>
      <line num="31" count="19" type="cond" truecount="2" falsecount="0"/>
      <line num="32" count="13" type="stmt"/>
      <line num="35" count="11" type="stmt"/>
      <line num="36" count="23" type="stmt"/>
      <line num="37" count="23" type="stmt"/>
      <line num="38" count="23" type="stmt"/>
      <line num="41" count="30" type="stmt"/>
      <line num="45" count="2" type="stmt"/>
      <line num="46" count="5" type="stmt"/>
      <line num="47" count="5" type="stmt"/>
      <line num="48" count="5" type="stmt"/>
      <line num="49" count="10" type="stmt"/>
      <line num="50" count="8" type="stmt"/>
      <line num="55" count="8" type="stmt"/>
      <line num="57" count="10" type="stmt"/>
      <line num="59" count="5" type="stmt"/>
      <line num="64" count="2" type="stmt"/>
      <line num="65" count="3" type="stmt"/>
      <line num="67" count="3" type="stmt"/>
      <line num="68" count="6" type="stmt"/>
      <line num="70" count="6" type="stmt"/>
      <line num="80" count="0" type="stmt"/>
      <line num="89" count="3" type="stmt"/>
      <line num="93" count="2" type="stmt"/>
      <line num="94" count="0" type="stmt"/>
      <line num="95" count="0" type="stmt"/>
      <line num="96" count="0" type="stmt"/>
      <line num="102" count="2" type="stmt"/>
      <line num="103" count="0" type="cond" truecount="0" falsecount="2"/>
      <line num="104" count="0" type="stmt"/>
      <line num="109" count="2" type="stmt"/>
      <line num="110" count="0" type="stmt"/>
      <line num="116" count="2" type="stmt"/>
    </file>
    <file name="mdLinks.js" path="D:\1.LABORATORIA\LIM013-fe-md-links\mdLinks.js">
      <metrics statements="13" coveredstatements="12" conditionals="6" coveredconditionals="5" methods="3" coveredmethods="3"/>
      <line num="1" count="1" type="stmt"/>
      <line num="3" count="3" type="stmt"/>
      <line num="4" count="3" type="stmt"/>
      <line num="5" count="3" type="cond" truecount="2" falsecount="0"/>
      <line num="6" count="2" type="stmt"/>
      <line num="8" count="1" type="stmt"/>
      <line num="11" count="3" type="cond" truecount="2" falsecount="0"/>
      <line num="12" count="2" type="stmt"/>
      <line num="13" count="2" type="stmt"/>
      <line num="14" count="1" type="stmt"/>
      <line num="16" count="3" type="cond" truecount="1" falsecount="1"/>
      <line num="17" count="0" type="stmt"/>
      <line num="21" count="1" type="stmt"/>
    </file>
  </project>
</coverage>
