{"D:\\1.LABORATORIA\\LIM013-fe-md-links\\index.js": {"path":"D:\\1.LABORATORIA\\LIM013-fe-md-links\\index.js","statementMap":{"0":{"start":{"line":1,"column":13},"end":{"line":1,"column":28}},"1":{"start":{"line":2,"column":11},"end":{"line":2,"column":24}},"2":{"start":{"line":3,"column":15},"end":{"line":3,"column":32}},"3":{"start":{"line":4,"column":14},"end":{"line":4,"column":35}},"4":{"start":{"line":7,"column":18},"end":{"line":7,"column":57}},"5":{"start":{"line":7,"column":33},"end":{"line":7,"column":57}},"6":{"start":{"line":10,"column":21},"end":{"line":10,"column":62}},"7":{"start":{"line":10,"column":36},"end":{"line":10,"column":62}},"8":{"start":{"line":13,"column":20},"end":{"line":13,"column":98}},"9":{"start":{"line":13,"column":36},"end":{"line":13,"column":97}},"10":{"start":{"line":16,"column":15},"end":{"line":16,"column":61}},"11":{"start":{"line":16,"column":30},"end":{"line":16,"column":61}},"12":{"start":{"line":19,"column":22},"end":{"line":19,"column":60}},"13":{"start":{"line":19,"column":37},"end":{"line":19,"column":60}},"14":{"start":{"line":22,"column":27},"end":{"line":22,"column":67}},"15":{"start":{"line":22,"column":42},"end":{"line":22,"column":67}},"16":{"start":{"line":25,"column":23},"end":{"line":25,"column":71}},"17":{"start":{"line":25,"column":37},"end":{"line":25,"column":71}},"18":{"start":{"line":28,"column":20},"end":{"line":42,"column":1}},"19":{"start":{"line":29,"column":23},"end":{"line":29,"column":25}},"20":{"start":{"line":30,"column":2},"end":{"line":40,"column":3}},"21":{"start":{"line":31,"column":4},"end":{"line":33,"column":5}},"22":{"start":{"line":32,"column":6},"end":{"line":32,"column":37}},"23":{"start":{"line":35,"column":4},"end":{"line":39,"column":7}},"24":{"start":{"line":36,"column":28},"end":{"line":36,"column":56}},"25":{"start":{"line":37,"column":31},"end":{"line":37,"column":57}},"26":{"start":{"line":38,"column":6},"end":{"line":38,"column":63}},"27":{"start":{"line":41,"column":2},"end":{"line":41,"column":24}},"28":{"start":{"line":45,"column":21},"end":{"line":60,"column":1}},"29":{"start":{"line":46,"column":21},"end":{"line":46,"column":23}},"30":{"start":{"line":47,"column":19},"end":{"line":47,"column":40}},"31":{"start":{"line":48,"column":2},"end":{"line":58,"column":5}},"32":{"start":{"line":49,"column":4},"end":{"line":56,"column":6}},"33":{"start":{"line":50,"column":22},"end":{"line":54,"column":7}},"34":{"start":{"line":55,"column":6},"end":{"line":55,"column":31}},"35":{"start":{"line":57,"column":4},"end":{"line":57,"column":50}},"36":{"start":{"line":59,"column":2},"end":{"line":59,"column":20}},"37":{"start":{"line":64,"column":19},"end":{"line":90,"column":1}},"38":{"start":{"line":65,"column":22},"end":{"line":65,"column":24}},"39":{"start":{"line":67,"column":2},"end":{"line":88,"column":5}},"40":{"start":{"line":68,"column":4},"end":{"line":87,"column":10}},"41":{"start":{"line":70,"column":10},"end":{"line":77,"column":11}},"42":{"start":{"line":80,"column":8},"end":{"line":86,"column":9}},"43":{"start":{"line":89,"column":2},"end":{"line":89,"column":34}},"44":{"start":{"line":93,"column":15},"end":{"line":100,"column":1}},"45":{"start":{"line":94,"column":16},"end":{"line":94,"column":33}},"46":{"start":{"line":95,"column":16},"end":{"line":95,"column":78}},"47":{"start":{"line":95,"column":56},"end":{"line":95,"column":68}},"48":{"start":{"line":96,"column":2},"end":{"line":99,"column":5}},"49":{"start":{"line":102,"column":22},"end":{"line":107,"column":1}},"50":{"start":{"line":103,"column":22},"end":{"line":103,"column":90}},"51":{"start":{"line":103,"column":50},"end":{"line":103,"column":89}},"52":{"start":{"line":104,"column":2},"end":{"line":106,"column":41}},"53":{"start":{"line":109,"column":14},"end":{"line":111,"column":1}},"54":{"start":{"line":110,"column":2},"end":{"line":110,"column":18}},"55":{"start":{"line":116,"column":0},"end":{"line":130,"column":2}}},"fnMap":{"0":{"name":"(anonymous_0)","decl":{"start":{"line":7,"column":18},"end":{"line":7,"column":19}},"loc":{"start":{"line":7,"column":33},"end":{"line":7,"column":57}},"line":7},"1":{"name":"(anonymous_1)","decl":{"start":{"line":10,"column":21},"end":{"line":10,"column":22}},"loc":{"start":{"line":10,"column":36},"end":{"line":10,"column":62}},"line":10},"2":{"name":"(anonymous_2)","decl":{"start":{"line":13,"column":20},"end":{"line":13,"column":21}},"loc":{"start":{"line":13,"column":36},"end":{"line":13,"column":97}},"line":13},"3":{"name":"(anonymous_3)","decl":{"start":{"line":16,"column":15},"end":{"line":16,"column":16}},"loc":{"start":{"line":16,"column":30},"end":{"line":16,"column":61}},"line":16},"4":{"name":"(anonymous_4)","decl":{"start":{"line":19,"column":22},"end":{"line":19,"column":23}},"loc":{"start":{"line":19,"column":37},"end":{"line":19,"column":60}},"line":19},"5":{"name":"(anonymous_5)","decl":{"start":{"line":22,"column":27},"end":{"line":22,"column":28}},"loc":{"start":{"line":22,"column":42},"end":{"line":22,"column":67}},"line":22},"6":{"name":"(anonymous_6)","decl":{"start":{"line":25,"column":23},"end":{"line":25,"column":24}},"loc":{"start":{"line":25,"column":37},"end":{"line":25,"column":71}},"line":25},"7":{"name":"(anonymous_7)","decl":{"start":{"line":28,"column":20},"end":{"line":28,"column":21}},"loc":{"start":{"line":28,"column":35},"end":{"line":42,"column":1}},"line":28},"8":{"name":"(anonymous_8)","decl":{"start":{"line":35,"column":42},"end":{"line":35,"column":43}},"loc":{"start":{"line":35,"column":55},"end":{"line":39,"column":5}},"line":35},"9":{"name":"(anonymous_9)","decl":{"start":{"line":45,"column":21},"end":{"line":45,"column":22}},"loc":{"start":{"line":45,"column":31},"end":{"line":60,"column":1}},"line":45},"10":{"name":"(anonymous_10)","decl":{"start":{"line":48,"column":28},"end":{"line":48,"column":29}},"loc":{"start":{"line":48,"column":41},"end":{"line":58,"column":3}},"line":48},"11":{"name":"(anonymous_11)","decl":{"start":{"line":49,"column":20},"end":{"line":49,"column":21}},"loc":{"start":{"line":49,"column":43},"end":{"line":56,"column":5}},"line":49},"12":{"name":"(anonymous_12)","decl":{"start":{"line":64,"column":19},"end":{"line":64,"column":20}},"loc":{"start":{"line":64,"column":32},"end":{"line":90,"column":1}},"line":64},"13":{"name":"(anonymous_13)","decl":{"start":{"line":67,"column":18},"end":{"line":67,"column":19}},"loc":{"start":{"line":67,"column":31},"end":{"line":88,"column":3}},"line":67},"14":{"name":"(anonymous_14)","decl":{"start":{"line":69,"column":12},"end":{"line":69,"column":13}},"loc":{"start":{"line":70,"column":10},"end":{"line":77,"column":11}},"line":70},"15":{"name":"(anonymous_15)","decl":{"start":{"line":79,"column":13},"end":{"line":79,"column":14}},"loc":{"start":{"line":80,"column":8},"end":{"line":86,"column":9}},"line":80},"16":{"name":"(anonymous_16)","decl":{"start":{"line":93,"column":15},"end":{"line":93,"column":16}},"loc":{"start":{"line":93,"column":31},"end":{"line":100,"column":1}},"line":93},"17":{"name":"(anonymous_17)","decl":{"start":{"line":95,"column":43},"end":{"line":95,"column":44}},"loc":{"start":{"line":95,"column":56},"end":{"line":95,"column":68}},"line":95},"18":{"name":"(anonymous_18)","decl":{"start":{"line":102,"column":22},"end":{"line":102,"column":23}},"loc":{"start":{"line":102,"column":38},"end":{"line":107,"column":1}},"line":102},"19":{"name":"(anonymous_19)","decl":{"start":{"line":103,"column":40},"end":{"line":103,"column":41}},"loc":{"start":{"line":103,"column":50},"end":{"line":103,"column":89}},"line":103},"20":{"name":"(anonymous_20)","decl":{"start":{"line":109,"column":14},"end":{"line":109,"column":15}},"loc":{"start":{"line":109,"column":25},"end":{"line":111,"column":1}},"line":109}},"branchMap":{"0":{"loc":{"start":{"line":13,"column":36},"end":{"line":13,"column":97}},"type":"cond-expr","locations":[{"start":{"line":13,"column":62},"end":{"line":13,"column":71}},{"start":{"line":13,"column":74},"end":{"line":13,"column":97}}],"line":13},"1":{"loc":{"start":{"line":30,"column":2},"end":{"line":40,"column":3}},"type":"if","locations":[{"start":{"line":30,"column":2},"end":{"line":40,"column":3}},{"start":{"line":30,"column":2},"end":{"line":40,"column":3}}],"line":30},"2":{"loc":{"start":{"line":31,"column":4},"end":{"line":33,"column":5}},"type":"if","locations":[{"start":{"line":31,"column":4},"end":{"line":33,"column":5}},{"start":{"line":31,"column":4},"end":{"line":33,"column":5}}],"line":31},"3":{"loc":{"start":{"line":75,"column":26},"end":{"line":75,"column":86}},"type":"cond-expr","locations":[{"start":{"line":75,"column":75},"end":{"line":75,"column":79}},{"start":{"line":75,"column":80},"end":{"line":75,"column":86}}],"line":75},"4":{"loc":{"start":{"line":75,"column":27},"end":{"line":75,"column":71}},"type":"binary-expr","locations":[{"start":{"line":75,"column":27},"end":{"line":75,"column":47}},{"start":{"line":75,"column":51},"end":{"line":75,"column":71}}],"line":75},"5":{"loc":{"start":{"line":103,"column":52},"end":{"line":103,"column":88}},"type":"binary-expr","locations":[{"start":{"line":103,"column":52},"end":{"line":103,"column":68}},{"start":{"line":103,"column":72},"end":{"line":103,"column":88}}],"line":103}},"s":{"0":2,"1":2,"2":2,"3":2,"4":2,"5":5,"6":2,"7":8,"8":2,"9":3,"10":2,"11":32,"12":2,"13":21,"14":2,"15":13,"16":2,"17":12,"18":2,"19":30,"20":30,"21":19,"22":13,"23":11,"24":23,"25":23,"26":23,"27":30,"28":2,"29":5,"30":5,"31":5,"32":10,"33":8,"34":8,"35":10,"36":5,"37":2,"38":3,"39":3,"40":6,"41":6,"42":0,"43":3,"44":2,"45":0,"46":0,"47":0,"48":0,"49":2,"50":0,"51":0,"52":0,"53":2,"54":0,"55":2},"f":{"0":5,"1":8,"2":3,"3":32,"4":21,"5":13,"6":12,"7":30,"8":23,"9":5,"10":10,"11":8,"12":3,"13":6,"14":6,"15":0,"16":0,"17":0,"18":0,"19":0,"20":0},"b":{"0":[0,3],"1":[19,11],"2":[13,6],"3":[3,3],"4":[6,6],"5":[0,0]},"_coverageSchema":"1a1c01bbd47fc00a2c39e90264f33305004495a9","hash":"3974a8e608d6a5d4a8ed36879bdb72a0dad88687"}
,"D:\\1.LABORATORIA\\LIM013-fe-md-links\\mdLinks.js": {"path":"D:\\1.LABORATORIA\\LIM013-fe-md-links\\mdLinks.js","statementMap":{"0":{"start":{"line":1,"column":14},"end":{"line":1,"column":35}},"1":{"start":{"line":3,"column":16},"end":{"line":19,"column":2}},"2":{"start":{"line":3,"column":45},"end":{"line":19,"column":2}},"3":{"start":{"line":4,"column":18},"end":{"line":4,"column":20}},"4":{"start":{"line":5,"column":3},"end":{"line":9,"column":3}},"5":{"start":{"line":6,"column":4},"end":{"line":6,"column":46}},"6":{"start":{"line":8,"column":4},"end":{"line":8,"column":65}},"7":{"start":{"line":11,"column":2},"end":{"line":14,"column":28}},"8":{"start":{"line":12,"column":4},"end":{"line":12,"column":44}},"9":{"start":{"line":13,"column":4},"end":{"line":13,"column":62}},"10":{"start":{"line":13,"column":38},"end":{"line":13,"column":60}},"11":{"start":{"line":14,"column":9},"end":{"line":14,"column":28}},"12":{"start":{"line":16,"column":2},"end":{"line":18,"column":3}},"13":{"start":{"line":17,"column":4},"end":{"line":17,"column":29}},"14":{"start":{"line":21,"column":0},"end":{"line":23,"column":2}}},"fnMap":{"0":{"name":"(anonymous_0)","decl":{"start":{"line":3,"column":16},"end":{"line":3,"column":17}},"loc":{"start":{"line":3,"column":45},"end":{"line":19,"column":2}},"line":3},"1":{"name":"(anonymous_1)","decl":{"start":{"line":3,"column":57},"end":{"line":3,"column":58}},"loc":{"start":{"line":3,"column":78},"end":{"line":19,"column":1}},"line":3},"2":{"name":"(anonymous_2)","decl":{"start":{"line":13,"column":19},"end":{"line":13,"column":20}},"loc":{"start":{"line":13,"column":38},"end":{"line":13,"column":60}},"line":13}},"branchMap":{"0":{"loc":{"start":{"line":5,"column":3},"end":{"line":9,"column":3}},"type":"if","locations":[{"start":{"line":5,"column":3},"end":{"line":9,"column":3}},{"start":{"line":5,"column":3},"end":{"line":9,"column":3}}],"line":5},"1":{"loc":{"start":{"line":11,"column":2},"end":{"line":14,"column":28}},"type":"if","locations":[{"start":{"line":11,"column":2},"end":{"line":14,"column":28}},{"start":{"line":11,"column":2},"end":{"line":14,"column":28}}],"line":11},"2":{"loc":{"start":{"line":16,"column":2},"end":{"line":18,"column":3}},"type":"if","locations":[{"start":{"line":16,"column":2},"end":{"line":18,"column":3}},{"start":{"line":16,"column":2},"end":{"line":18,"column":3}}],"line":16}},"s":{"0":1,"1":1,"2":3,"3":3,"4":3,"5":2,"6":1,"7":3,"8":2,"9":2,"10":2,"11":1,"12":3,"13":0,"14":1},"f":{"0":3,"1":3,"2":2},"b":{"0":[2,1],"1":[2,1],"2":[0,3]},"_coverageSchema":"1a1c01bbd47fc00a2c39e90264f33305004495a9","hash":"1451eff5cfebf13f859e178258f61ab54baacd25"}
}
