TN:
SF:index.js
FN:7,(anonymous_0)
FN:10,(anonymous_1)
FN:13,(anonymous_2)
FN:16,(anonymous_3)
FN:19,(anonymous_4)
FN:22,(anonymous_5)
FN:25,(anonymous_6)
FN:28,(anonymous_7)
FN:35,(anonymous_8)
FN:45,(anonymous_9)
FN:48,(anonymous_10)
FN:49,(anonymous_11)
FN:64,(anonymous_12)
FN:67,(anonymous_13)
FN:69,(anonymous_14)
FN:79,(anonymous_15)
FN:93,(anonymous_16)
FN:95,(anonymous_17)
FN:102,(anonymous_18)
FN:103,(anonymous_19)
FN:109,(anonymous_20)
FNF:21
FNH:15
FNDA:5,(anonymous_0)
FNDA:8,(anonymous_1)
FNDA:3,(anonymous_2)
FNDA:32,(anonymous_3)
FNDA:21,(anonymous_4)
FNDA:13,(anonymous_5)
FNDA:12,(anonymous_6)
FNDA:30,(anonymous_7)
FNDA:23,(anonymous_8)
FNDA:5,(anonymous_9)
FNDA:10,(anonymous_10)
FNDA:8,(anonymous_11)
FNDA:3,(anonymous_12)
FNDA:6,(anonymous_13)
FNDA:6,(anonymous_14)
FNDA:0,(anonymous_15)
FNDA:0,(anonymous_16)
FNDA:0,(anonymous_17)
FNDA:0,(anonymous_18)
FNDA:0,(anonymous_19)
FNDA:0,(anonymous_20)
DA:1,2
DA:2,2
DA:3,2
DA:4,2
DA:7,5
DA:10,8
DA:13,3
DA:16,32
DA:19,21
DA:22,13
DA:25,12
DA:28,2
DA:29,30
DA:30,30
DA:31,19
DA:32,13
DA:35,11
DA:36,23
DA:37,23
DA:38,23
DA:41,30
DA:45,2
DA:46,5
DA:47,5
DA:48,5
DA:49,10
DA:50,8
DA:55,8
DA:57,10
DA:59,5
DA:64,2
DA:65,3
DA:67,3
DA:68,6
DA:70,6
DA:80,0
DA:89,3
DA:93,2
DA:94,0
DA:95,0
DA:96,0
DA:102,2
DA:103,0
DA:104,0
DA:109,2
DA:110,0
DA:116,2
LF:47
LH:40
BRDA:13,0,0,0
BRDA:13,0,1,3
BRDA:30,1,0,19
BRDA:30,1,1,11
BRDA:31,2,0,13
BRDA:31,2,1,6
BRDA:75,3,0,3
BRDA:75,3,1,3
BRDA:75,4,0,6
BRDA:75,4,1,6
BRDA:103,5,0,0
BRDA:103,5,1,0
BRF:12
BRH:9
end_of_record
TN:
SF:mdLinks.js
FN:3,(anonymous_0)
FN:3,(anonymous_1)
FN:13,(anonymous_2)
FNF:3
FNH:3
FNDA:3,(anonymous_0)
FNDA:3,(anonymous_1)
FNDA:2,(anonymous_2)
DA:1,1
DA:3,3
DA:4,3
DA:5,3
DA:6,2
DA:8,1
DA:11,3
DA:12,2
DA:13,2
DA:14,1
DA:16,3
DA:17,0
DA:21,1
LF:13
LH:12
BRDA:5,0,0,2
BRDA:5,0,1,1
BRDA:11,1,0,2
BRDA:11,1,1,1
BRDA:16,2,0,0
BRDA:16,2,1,3
BRF:6
BRH:5
end_of_record
